<?xml version="1.0" encoding="UTF-8"?><testrun name="TestRunnner" project="PrimeTechFinancials" tests="1" started="1" failures="0" errors="1" ignored="0">
  <testsuite name="runners.TestRunnner" time="0.083">
    <testsuite name="User MAngrmrnt / access mangemnt" time="0.083">
      <testcase name="Invalid email login attempts" classname="User MAngrmrnt / access mangemnt" time="0.083">
        <error>io.cucumber.junit.UndefinedStepException: The step 'Click on login button' is undefined.
You can implement this step using the snippet(s) below:

@When("Click on login button")
public void click_on_login_button() {
    // Write code here that turns the phrase above into concrete actions
    throw new io.cucumber.java.PendingException();
}
&#13;
&#13;
</error>
      </testcase>
    </testsuite>
  </testsuite>
</testrun>
