<?xml version="1.0" encoding="UTF-8"?><testrun name="TestRunnner" project="PrimeTechFinancials" tests="1" started="1" failures="0" errors="1" ignored="0">
  <testsuite name="runners.TestRunnner" time="0.0">
    <testsuite name="User MAngrmrnt / access mangemnt" time="0.0">
      <testcase name="Invalid email login attempts" classname="User MAngrmrnt / access mangemnt" time="0.0">
        <error>io.cucumber.core.exception.CucumberException: Failed to instantiate class test.UsersMangemnt_steps&#13;
	at io.cucumber.core.backend.DefaultObjectFactory.cacheNewInstance(DefaultObjectFactory.java:67)&#13;
	at io.cucumber.core.backend.DefaultObjectFactory.getInstance(DefaultObjectFactory.java:45)&#13;
	at io.cucumber.java.AbstractGlueDefinition.invokeMethod(AbstractGlueDefinition.java:47)&#13;
	at io.cucumber.java.JavaStepDefinition.execute(JavaStepDefinition.java:29)&#13;
	at io.cucumber.core.runner.CoreStepDefinition.execute(CoreStepDefinition.java:66)&#13;
	at io.cucumber.core.runner.PickleStepDefinitionMatch.runStep(PickleStepDefinitionMatch.java:63)&#13;
	at io.cucumber.core.runner.ExecutionMode$1.execute(ExecutionMode.java:10)&#13;
	at io.cucumber.core.runner.TestStep.executeStep(TestStep.java:84)&#13;
	at io.cucumber.core.runner.TestStep.run(TestStep.java:56)&#13;
	at io.cucumber.core.runner.PickleStepTestStep.run(PickleStepTestStep.java:51)&#13;
	at io.cucumber.core.runner.TestCase.run(TestCase.java:84)&#13;
	at io.cucumber.core.runner.Runner.runPickle(Runner.java:75)&#13;
	at io.cucumber.junit.PickleRunners$NoStepDescriptions.lambda$run$0(PickleRunners.java:151)&#13;
	at io.cucumber.core.runtime.CucumberExecutionContext.lambda$runTestCase$5(CucumberExecutionContext.java:137)&#13;
	at io.cucumber.core.runtime.RethrowingThrowableCollector.executeAndThrow(RethrowingThrowableCollector.java:23)&#13;
	at io.cucumber.core.runtime.CucumberExecutionContext.runTestCase(CucumberExecutionContext.java:137)&#13;
	at io.cucumber.junit.PickleRunners$NoStepDescriptions.run(PickleRunners.java:148)&#13;
	at io.cucumber.junit.FeatureRunner.runChild(FeatureRunner.java:144)&#13;
	at io.cucumber.junit.FeatureRunner.runChild(FeatureRunner.java:28)&#13;
	at org.junit.runners.ParentRunner$4.run(ParentRunner.java:331)&#13;
	at org.junit.runners.ParentRunner$1.schedule(ParentRunner.java:79)&#13;
	at org.junit.runners.ParentRunner.runChildren(ParentRunner.java:329)&#13;
	at org.junit.runners.ParentRunner.access$100(ParentRunner.java:66)&#13;
	at org.junit.runners.ParentRunner$2.evaluate(ParentRunner.java:293)&#13;
	at org.junit.runners.ParentRunner$3.evaluate(ParentRunner.java:306)&#13;
	at org.junit.runners.ParentRunner.run(ParentRunner.java:413)&#13;
	at io.cucumber.junit.FeatureRunner.run(FeatureRunner.java:137)&#13;
	at io.cucumber.junit.Cucumber.runChild(Cucumber.java:196)&#13;
	at io.cucumber.junit.Cucumber.runChild(Cucumber.java:89)&#13;
	at org.junit.runners.ParentRunner$4.run(ParentRunner.java:331)&#13;
	at org.junit.runners.ParentRunner$1.schedule(ParentRunner.java:79)&#13;
	at org.junit.runners.ParentRunner.runChildren(ParentRunner.java:329)&#13;
	at org.junit.runners.ParentRunner.access$100(ParentRunner.java:66)&#13;
	at org.junit.runners.ParentRunner$2.evaluate(ParentRunner.java:293)&#13;
	at io.cucumber.core.runtime.CucumberExecutionContext.lambda$runFeatures$6(CucumberExecutionContext.java:148)&#13;
	at io.cucumber.core.runtime.CucumberExecutionContext.execute(CucumberExecutionContext.java:163)&#13;
	at io.cucumber.core.runtime.CucumberExecutionContext.runFeatures(CucumberExecutionContext.java:146)&#13;
	at io.cucumber.junit.Cucumber$StartAndFinishTestRun.evaluate(Cucumber.java:226)&#13;
	at org.junit.runners.ParentRunner$3.evaluate(ParentRunner.java:306)&#13;
	at org.junit.runners.ParentRunner.run(ParentRunner.java:413)&#13;
	at org.eclipse.jdt.internal.junit4.runner.JUnit4TestReference.run(JUnit4TestReference.java:93)&#13;
	at org.eclipse.jdt.internal.junit.runner.TestExecution.run(TestExecution.java:40)&#13;
	at org.eclipse.jdt.internal.junit.runner.RemoteTestRunner.runTests(RemoteTestRunner.java:529)&#13;
	at org.eclipse.jdt.internal.junit.runner.RemoteTestRunner.runTests(RemoteTestRunner.java:756)&#13;
	at org.eclipse.jdt.internal.junit.runner.RemoteTestRunner.run(RemoteTestRunner.java:452)&#13;
	at org.eclipse.jdt.internal.junit.runner.RemoteTestRunner.main(RemoteTestRunner.java:210)&#13;
Caused by: java.lang.reflect.InvocationTargetException&#13;
	at java.base/jdk.internal.reflect.DirectConstructorHandleAccessor.newInstance(DirectConstructorHandleAccessor.java:79)&#13;
	at java.base/java.lang.reflect.Constructor.newInstanceWithCaller(Constructor.java:500)&#13;
	at java.base/java.lang.reflect.Constructor.newInstance(Constructor.java:484)&#13;
	at io.cucumber.core.backend.DefaultObjectFactory.cacheNewInstance(DefaultObjectFactory.java:53)&#13;
	... 45 more&#13;
Caused by: java.lang.Error: Unresolved compilation problems: 
	BrowserUtils cannot be resolved to a type
	BrowserUtils cannot be resolved to a type
	LoginPage cannot be resolved to a type
	LoginPage cannot be resolved to a type
	DashboardPage cannot be resolved to a type
	DashboardPage cannot be resolved to a type
	BrowserUtils cannot be resolved to a type
	LoginPage cannot be resolved to a type
	BrowserUtils cannot be resolved to a type
	LoginPage cannot be resolved to a type
	BrowserUtils cannot be resolved to a type
	LoginPage cannot be resolved to a type
	LoginPage cannot be resolved to a type
	BrowserUtils cannot be resolved to a type
	DashboardPage cannot be resolved to a type
	BrowserUtils cannot be resolved to a type
	LoginPage cannot be resolved to a type
	BrowserUtils cannot be resolved to a type
	LoginPage cannot be resolved to a type
	BrowserUtils cannot be resolved to a type
	LoginPage cannot be resolved to a type
	LoginPage cannot be resolved to a type
	The method assertEquals(int, int) is undefined for the type Assert
	LoginPage cannot be resolved to a type
&#13;
	at test.UsersMangemnt_steps.&lt;init&gt;(UsersMangemnt_steps.java:16)&#13;
	at java.base/jdk.internal.reflect.DirectConstructorHandleAccessor.newInstance(DirectConstructorHandleAccessor.java:67)&#13;
	... 48 more&#13;
&#13;
</error>
      </testcase>
    </testsuite>
  </testsuite>
</testrun>
